<?xml version="1.0" encoding="UTF-8"?>
<testng-results ignored="0" total="1" passed="1" failed="0" skipped="0">
  <reporter-output>
  </reporter-output>
  <suite started-at="2025-02-25T11:00:05 GMT+05:45" name="Default suite" finished-at="2025-02-25T11:01:17 GMT+05:45" duration-ms="71757">
    <groups>
    </groups>
    <test started-at="2025-02-25T11:00:05 GMT+05:45" name="Default test" finished-at="2025-02-25T11:01:17 GMT+05:45" duration-ms="71757">
      <class name="testcases.AddtocartTest">
        <test-method is-config="true" signature="beforeTest()[pri:0, instance:testcases.AddtocartTest@1253e7cb]" started-at="2025-02-25T11:00:05 GMT+05:45" name="beforeTest" finished-at="2025-02-25T11:00:11 GMT+05:45" duration-ms="5871" status="PASS">
          <reporter-output>
          </reporter-output>
        </test-method> <!-- beforeTest -->
        <test-method signature="f()[pri:0, instance:testcases.AddtocartTest@1253e7cb]" started-at="2025-02-25T11:00:11 GMT+05:45" name="f" finished-at="2025-02-25T11:01:16 GMT+05:45" duration-ms="65383" status="PASS">
          <reporter-output>
          </reporter-output>
        </test-method> <!-- f -->
        <test-method is-config="true" signature="afterTest()[pri:0, instance:testcases.AddtocartTest@1253e7cb]" started-at="2025-02-25T11:01:16 GMT+05:45" name="afterTest" finished-at="2025-02-25T11:01:17 GMT+05:45" duration-ms="437" status="PASS">
          <reporter-output>
          </reporter-output>
        </test-method> <!-- afterTest -->
      </class> <!-- testcases.AddtocartTest -->
    </test> <!-- Default test -->
  </suite> <!-- Default suite -->
</testng-results>
